<?xml version="1.0" encoding="UTF-8"?>
<testsuite xmlns:xsi="http://www.w3.org/2001/XMLSchema-instance" xsi:noNamespaceSchemaLocation="https://maven.apache.org/surefire/maven-surefire-plugin/xsd/surefire-test-report.xsd" name="com.parkit.parkingsystem.integration.ParkingDataBaseIT" time="3.03" tests="3" errors="0" skipped="0" failures="0">
  <properties>
[...]
</properties>
  <testcase name="parkingLotExitTest" classname="com.parkit.parkingsystem.integration.ParkingDataBaseIT" time="2.102"/>
  <testcase name="parkingACarTest" classname="com.parkit.parkingsystem.integration.ParkingDataBaseIT" time="0.111"/>
  <testcase name="parkingLotExitRecurringUserTest" classname="com.parkit.parkingsystem.integration.ParkingDataBaseIT" time="0.224"/>
</testsuite>